	Command being timed: "python task6-7.py --n-buildings 50 --workers 8 --worker-counts 1,2,4,8 --engine numba --scheduler dynamic --sample-mode head --chunksize 1 --dynamic-chunksizes 1,2,4,8"
	User time (seconds): 7206.07
	System time (seconds): 6.30
	Percent of CPU this job got: 219%
	Elapsed (wall clock) time (h:mm:ss or m:ss): 54:50.14
	Average shared text size (kbytes): 0
	Average unshared data size (kbytes): 0
	Average stack size (kbytes): 0
	Average total size (kbytes): 0
	Maximum resident set size (kbytes): 195592
	Average resident set size (kbytes): 0
	Major (requiring I/O) page faults: 1423
	Minor (reclaiming a frame) page faults: 1563781
	Voluntary context switches: 13653
	Involuntary context switches: 15776
	Swaps: 0
	File system inputs: 485000
	File system outputs: 400
	Socket messages sent: 0
	Socket messages received: 0
	Signals delivered: 0
	Page size (bytes): 4096
	Exit status: 0
