python: can't open file '/zhome/45/9/223837/hpc/dtu_hpc_project/task6-7.py': [Errno 2] No such file or directory
Command exited with non-zero status 2
	Command being timed: "python task6-7.py --n-buildings 50 --workers 8 --worker-counts 1,2,4,8 --engine numba --scheduler dynamic --sample-mode head --chunksize 1 --dynamic-chunksizes 1,2,4,8"
	User time (seconds): 0.01
	System time (seconds): 0.00
	Percent of CPU this job got: 3%
	Elapsed (wall clock) time (h:mm:ss or m:ss): 0:00.65
	Average shared text size (kbytes): 0
	Average unshared data size (kbytes): 0
	Average stack size (kbytes): 0
	Average total size (kbytes): 0
	Maximum resident set size (kbytes): 7292
	Average resident set size (kbytes): 0
	Major (requiring I/O) page faults: 0
	Minor (reclaiming a frame) page faults: 781
	Voluntary context switches: 39
	Involuntary context switches: 0
	Swaps: 0
	File system inputs: 16
	File system outputs: 8
	Socket messages sent: 0
	Socket messages received: 0
	Signals delivered: 0
	Page size (bytes): 4096
	Exit status: 2
