Sender: LSF System <lsfadmin@hpc.dtu.dk>
Subject: Job 28496055: <python> in cluster <dcc> Done

Job <python> was submitted from host <hpclogin1> by user <s252786> in cluster <dcc> at Sat May 23 14:35:23 2026
Job was executed on host(s) <10*n-62-11-57>, in queue <hpc>, as user <s252786> in cluster <dcc> at Sat May 23 14:35:24 2026
</zhome/af/5/222919> was used as the home directory.
</zhome/af/5/222919/Documents/python_hpc/week5> was used as the working directory.
Started at Sat May 23 14:35:24 2026
Terminated at Sat May 23 14:36:35 2026
Results reported at Sat May 23 14:36:35 2026

Your job looked like:

------------------------------------------------------------
# LSBATCH: User input
#!/bin/bash
#BSUB -J python
#BSUB -q hpc
#BSUB -W 15
#BSUB -R "rusage[mem=2000MB]"
#BSUB -n 10
#BSUB -R "span[hosts=1]"
#BSUB -R "select[model==XeonGold6226R]"
#BSUB -o logs/pi/python_%J.out
#BSUB -e logs/pi/python_%J.err

mkdir -p logs/pi

source /dtu/projects/02613_2025/conda/conda_init.sh
conda activate 02613

time python pi_serial.py
time python pi_parallel.py
time python pi_chunked.py
------------------------------------------------------------

Successfully completed.

Resource usage summary:

    CPU time :                                   143.20 sec.
    Max Memory :                                 1551 MB
    Average Memory :                             1551.00 MB
    Total Requested Memory :                     20000.00 MB
    Delta Memory :                               18449.00 MB
    Max Swap :                                   -
    Max Processes :                              14
    Max Threads :                                18
    Run time :                                   71 sec.
    Turnaround time :                            72 sec.

The output (if any) follows:

No GPU on this node, CUDA module not loaded


PS:

Read file <logs/pi/python_28496055.err> for stderr output of this job.

