	Command being timed: "python task6-7.py --n-buildings 50 --workers 8 --worker-counts 1,2,4,8 --engine numba --scheduler dynamic --sample-mode head --chunksize 1 --dynamic-chunksizes 1,2,4,8"
	User time (seconds): 6817.80
	System time (seconds): 9.07
	Percent of CPU this job got: 218%
	Elapsed (wall clock) time (h:mm:ss or m:ss): 51:57.84
	Average shared text size (kbytes): 0
	Average unshared data size (kbytes): 0
	Average stack size (kbytes): 0
	Average total size (kbytes): 0
	Maximum resident set size (kbytes): 195812
	Average resident set size (kbytes): 0
	Major (requiring I/O) page faults: 1405
	Minor (reclaiming a frame) page faults: 2087455
	Voluntary context switches: 13674
	Involuntary context switches: 10676
	Swaps: 0
	File system inputs: 485944
	File system outputs: 392
	Socket messages sent: 0
	Socket messages received: 0
	Signals delivered: 0
	Page size (bytes): 4096
	Exit status: 0
