	Command being timed: "python task6-7.py --n-buildings 50 --workers 8 --worker-counts 1,2,4,8 --engine numba --scheduler dynamic --sample-mode spread --chunksize 1 --dynamic-chunksizes 1,2,4,8"
	User time (seconds): 8849.55
	System time (seconds): 8.92
	Percent of CPU this job got: 236%
	Elapsed (wall clock) time (h:mm:ss or m:ss): 1:02:25
	Average shared text size (kbytes): 0
	Average unshared data size (kbytes): 0
	Average stack size (kbytes): 0
	Average total size (kbytes): 0
	Maximum resident set size (kbytes): 195912
	Average resident set size (kbytes): 0
	Major (requiring I/O) page faults: 1398
	Minor (reclaiming a frame) page faults: 1981749
	Voluntary context switches: 13327
	Involuntary context switches: 20392
	Swaps: 0
	File system inputs: 485432
	File system outputs: 392
	Socket messages sent: 0
	Socket messages received: 0
	Signals delivered: 0
	Page size (bytes): 4096
	Exit status: 0
