Traceback (most recent call last):
  File "/zhome/45/9/223837/hpc/dtu_hpc_project/task6-7/task6-7.py", line 10, in <module>
    import matplotlib.pyplot as plt
  File "/zhome/45/9/223837/venvs/hpc/lib64/python3.9/site-packages/matplotlib/pyplot.py", line 55, in <module>
    import matplotlib.colorbar
  File "/zhome/45/9/223837/venvs/hpc/lib64/python3.9/site-packages/matplotlib/colorbar.py", line 19, in <module>
    from matplotlib import _api, cbook, collections, cm, colors, contour, ticker
  File "/zhome/45/9/223837/venvs/hpc/lib64/python3.9/site-packages/matplotlib/contour.py", line 15, in <module>
    from matplotlib.backend_bases import MouseButton
  File "/zhome/45/9/223837/venvs/hpc/lib64/python3.9/site-packages/matplotlib/backend_bases.py", line 49, in <module>
    from matplotlib import (
  File "/zhome/45/9/223837/venvs/hpc/lib64/python3.9/site-packages/matplotlib/text.py", line 18, in <module>
    from .textpath import TextPath, TextToPath  # noqa # Logically located here
  File "/zhome/45/9/223837/venvs/hpc/lib64/python3.9/site-packages/matplotlib/textpath.py", line 12, in <module>
    from matplotlib.mathtext import MathTextParser
  File "/zhome/45/9/223837/venvs/hpc/lib64/python3.9/site-packages/matplotlib/mathtext.py", line 22, in <module>
    from matplotlib import _api, _mathtext
  File "<frozen importlib._bootstrap>", line 1007, in _find_and_load
  File "<frozen importlib._bootstrap>", line 986, in _find_and_load_unlocked
  File "<frozen importlib._bootstrap>", line 680, in _load_unlocked
  File "<frozen importlib._bootstrap_external>", line 846, in exec_module
  File "<frozen importlib._bootstrap_external>", line 941, in get_code
  File "<frozen importlib._bootstrap_external>", line 1041, in get_data
KeyboardInterrupt
Command terminated by signal 2
	Command being timed: "python task6-7.py --n-buildings 50 --workers 8 --worker-counts 1,2,4,8 --engine numba --scheduler dynamic --sample-mode head --chunksize 1 --dynamic-chunksizes 1,2,4,8"
	User time (seconds): 0.56
	System time (seconds): 0.16
	Percent of CPU this job got: 11%
	Elapsed (wall clock) time (h:mm:ss or m:ss): 0:06.02
	Average shared text size (kbytes): 0
	Average unshared data size (kbytes): 0
	Average stack size (kbytes): 0
	Average total size (kbytes): 0
	Maximum resident set size (kbytes): 51156
	Average resident set size (kbytes): 0
	Major (requiring I/O) page faults: 151
	Minor (reclaiming a frame) page faults: 8567
	Voluntary context switches: 1171
	Involuntary context switches: 3
	Swaps: 0
	File system inputs: 36280
	File system outputs: 8
	Socket messages sent: 0
	Socket messages received: 0
	Signals delivered: 0
	Page size (bytes): 4096
	Exit status: 0
