Sender: LSF System <lsfadmin@hpc.dtu.dk>
Subject: Job 28496275: <mandelbrot> in cluster <dcc> Done

Job <mandelbrot> was submitted from host <hpclogin1> by user <s252786> in cluster <dcc> at Sat May 23 16:50:09 2026
Job was executed on host(s) <16*n-62-11-60>, in queue <hpc>, as user <s252786> in cluster <dcc> at Sat May 23 16:50:09 2026
</zhome/af/5/222919> was used as the home directory.
</zhome/af/5/222919/Documents/python_hpc/week5> was used as the working directory.
Started at Sat May 23 16:50:09 2026
Terminated at Sat May 23 16:50:47 2026
Results reported at Sat May 23 16:50:47 2026

Your job looked like:

------------------------------------------------------------
# LSBATCH: User input
#!/bin/bash
#BSUB -J mandelbrot
#BSUB -q hpc
#BSUB -W 30
#BSUB -R "rusage[mem=2000MB]"
#BSUB -n 16
#BSUB -R "span[hosts=1]"
#BSUB -R "select[model==XeonGold6226R]"
#BSUB -o logs/mandelbrot/mandelbrot_%J.out
#BSUB -e logs/mandelbrot/mandelbrot_%J.err

mkdir -p logs/mandelbrot

export NUMBA_DISABLE_CUDA=1
source /dtu/projects/02613_2025/conda/conda_init.sh
conda activate 02613

echo "num_proc,time" > timing_results.csv
for n in 1 2 4 8 16; do
    python mandelbrot2.py $n >> timing_results.csv
done

python plot_speedup.py

------------------------------------------------------------

Successfully completed.

Resource usage summary:

    CPU time :                                   58.43 sec.
    Max Memory :                                 260 MB
    Average Memory :                             260.00 MB
    Total Requested Memory :                     32000.00 MB
    Delta Memory :                               31740.00 MB
    Max Swap :                                   -
    Max Processes :                              5
    Max Threads :                                9
    Run time :                                   38 sec.
    Turnaround time :                            38 sec.

The output (if any) follows:

No GPU on this node, CUDA module not loaded


PS:

Read file <logs/mandelbrot/mandelbrot_28496275.err> for stderr output of this job.

